<?xml version="1.0" encoding="utf-8"?><testsuites name="pytest tests"><testsuite name="pytest" errors="0" failures="2" skipped="0" tests="20" time="3.803" timestamp="2026-06-11T05:56:48.301928+00:00" hostname="agent-env-09b289cd-d4ca-40ab-adab-02767b4eceb7"><testcase classname="backend.tests.test_admin_panel.TestAdminAuth" name="test_login_success" time="0.471" /><testcase classname="backend.tests.test_admin_panel.TestAdminAuth" name="test_me_without_token" time="0.052" /><testcase classname="backend.tests.test_admin_panel.TestAdminAuth" name="test_me_with_invalid_token" time="0.050" /><testcase classname="backend.tests.test_admin_panel.TestAdminAuth" name="test_me_with_valid_token" time="0.335" /><testcase classname="backend.tests.test_admin_panel.TestAdminAuth" name="test_wrong_password_returns_401" time="0.061" /><testcase classname="backend.tests.test_admin_panel.TestAdminAuth" name="test_brute_force_lockout_429" time="0.315"><failure message="AssertionError: Expected 429 lockout after 5 failed attempts, got [401, 401, 401, 401, 401, 401]&#10;assert 429 in [401, 401, 401, 401, 401, 401]">backend/tests/test_admin_panel.py:96: in test_brute_force_lockout_429
    assert 429 in statuses, f"Expected 429 lockout after 5 failed attempts, got {statuses}"
E   AssertionError: Expected 429 lockout after 5 failed attempts, got [401, 401, 401, 401, 401, 401]
E   assert 429 in [401, 401, 401, 401, 401, 401]</failure></testcase><testcase classname="backend.tests.test_admin_panel.TestAdminProducts" name="test_requires_auth" time="0.051" /><testcase classname="backend.tests.test_admin_panel.TestAdminProducts" name="test_full_crud_flow" time="0.373" /><testcase classname="backend.tests.test_admin_panel.TestAdminSpecialOffers" name="test_requires_auth" time="0.048" /><testcase classname="backend.tests.test_admin_panel.TestAdminSpecialOffers" name="test_full_crud_flow" time="0.208" /><testcase classname="backend.tests.test_admin_panel.TestAdminSpecialOffers" name="test_public_filters_expired_offers" time="0.151" /><testcase classname="backend.tests.test_admin_panel.TestPublicProductsBilingual" name="test_products_expose_bilingual_fields" time="0.051" /><testcase classname="backend.tests.test_admin_panel.TestAdminUploads" name="test_upload_requires_auth" time="0.132" /><testcase classname="backend.tests.test_admin_panel.TestAdminUploads" name="test_upload_image_success" time="0.355"><failure message="AssertionError: Uploaded image not served at http://smart-feed-pets.cluster-5.preview.emergentcf.cloud/api/uploads/eaeb2d793e8a493d9a4c8d683338ba38.png&#10;assert 403 == 200&#10; +  where 403 = &lt;Response [403]&gt;.status_code">backend/tests/test_admin_panel.py:264: in test_upload_image_success
    assert head.status_code == 200, f"Uploaded image not served at {data['url']}"
E   AssertionError: Uploaded image not served at http://smart-feed-pets.cluster-5.preview.emergentcf.cloud/api/uploads/eaeb2d793e8a493d9a4c8d683338ba38.png
E   assert 403 == 200
E    +  where 403 = &lt;Response [403]&gt;.status_code</failure></testcase><testcase classname="backend.tests.test_admin_panel.TestAdminUploads" name="test_upload_rejects_non_image" time="0.146" /><testcase classname="backend.tests.test_admin_panel.TestAdminUploads" name="test_upload_rejects_oversize" time="0.580" /><testcase classname="backend.tests.test_admin_panel.TestAdminViewers" name="test_leads_requires_auth" time="0.053" /><testcase classname="backend.tests.test_admin_panel.TestAdminViewers" name="test_contacts_requires_auth" time="0.053" /><testcase classname="backend.tests.test_admin_panel.TestAdminViewers" name="test_leads_ok" time="0.053" /><testcase classname="backend.tests.test_admin_panel.TestAdminViewers" name="test_contacts_ok" time="0.051" /></testsuite></testsuites>