<?xml version="1.0" encoding="utf-8"?><testsuites name="pytest tests"><testsuite name="pytest" errors="0" failures="0" skipped="0" tests="21" time="3.465" timestamp="2026-06-11T06:09:38.586405+00:00" hostname="agent-env-09b289cd-d4ca-40ab-adab-02767b4eceb7"><testcase classname="backend.tests.test_admin_panel.TestAdminAuth" name="test_login_success" time="0.506" /><testcase classname="backend.tests.test_admin_panel.TestAdminAuth" name="test_me_without_token" time="0.053" /><testcase classname="backend.tests.test_admin_panel.TestAdminAuth" name="test_me_with_invalid_token" time="0.048" /><testcase classname="backend.tests.test_admin_panel.TestAdminAuth" name="test_me_with_valid_token" time="0.323" /><testcase classname="backend.tests.test_admin_panel.TestAdminAuth" name="test_wrong_password_returns_401" time="0.046" /><testcase classname="backend.tests.test_admin_panel.TestAdminAuth" name="test_brute_force_lockout_429" time="0.274" /><testcase classname="backend.tests.test_admin_panel.TestAdminAuth" name="test_login_wrong_password_detail_message" time="0.050" /><testcase classname="backend.tests.test_admin_panel.TestAdminProducts" name="test_requires_auth" time="0.049" /><testcase classname="backend.tests.test_admin_panel.TestAdminProducts" name="test_full_crud_flow" time="0.352" /><testcase classname="backend.tests.test_admin_panel.TestAdminSpecialOffers" name="test_requires_auth" time="0.043" /><testcase classname="backend.tests.test_admin_panel.TestAdminSpecialOffers" name="test_full_crud_flow" time="0.181" /><testcase classname="backend.tests.test_admin_panel.TestAdminSpecialOffers" name="test_public_filters_expired_offers" time="0.130" /><testcase classname="backend.tests.test_admin_panel.TestPublicProductsBilingual" name="test_products_expose_bilingual_fields" time="0.047" /><testcase classname="backend.tests.test_admin_panel.TestAdminUploads" name="test_upload_requires_auth" time="0.109" /><testcase classname="backend.tests.test_admin_panel.TestAdminUploads" name="test_upload_image_success" time="0.222" /><testcase classname="backend.tests.test_admin_panel.TestAdminUploads" name="test_upload_rejects_non_image" time="0.105" /><testcase classname="backend.tests.test_admin_panel.TestAdminUploads" name="test_upload_rejects_oversize" time="0.594" /><testcase classname="backend.tests.test_admin_panel.TestAdminViewers" name="test_leads_requires_auth" time="0.043" /><testcase classname="backend.tests.test_admin_panel.TestAdminViewers" name="test_contacts_requires_auth" time="0.062" /><testcase classname="backend.tests.test_admin_panel.TestAdminViewers" name="test_leads_ok" time="0.044" /><testcase classname="backend.tests.test_admin_panel.TestAdminViewers" name="test_contacts_ok" time="0.044" /></testsuite></testsuites>