<?xml version="1.0" encoding="utf-8"?><testsuites name="pytest tests"><testsuite name="pytest" errors="0" failures="0" skipped="0" tests="14" time="1.129" timestamp="2026-06-10T13:06:43.373003+00:00" hostname="agent-env-09b289cd-d4ca-40ab-adab-02767b4eceb7"><testcase classname="backend.tests.test_blog_api.TestBlogList" name="test_list_blog_posts_returns_3" time="0.238" /><testcase classname="backend.tests.test_blog_api.TestBlogList" name="test_list_blog_posts_fields" time="0.057" /><testcase classname="backend.tests.test_blog_api.TestBlogList" name="test_list_posts_sorted_desc" time="0.060" /><testcase classname="backend.tests.test_blog_api.TestBlogList" name="test_filter_by_feeding_tag" time="0.056" /><testcase classname="backend.tests.test_blog_api.TestBlogSingle" name="test_get_blog_post[why-routine-feeding-matters]" time="0.063" /><testcase classname="backend.tests.test_blog_api.TestBlogSingle" name="test_get_blog_post[switching-foods-without-fuss]" time="0.051" /><testcase classname="backend.tests.test_blog_api.TestBlogSingle" name="test_get_blog_post[indoor-cat-checklist]" time="0.051" /><testcase classname="backend.tests.test_blog_api.TestBlogSingle" name="test_get_blog_post_404" time="0.051" /><testcase classname="backend.tests.test_blog_api.TestRegression" name="test_create_lead_valid" time="0.055" /><testcase classname="backend.tests.test_blog_api.TestRegression" name="test_create_lead_invalid_email" time="0.050" /><testcase classname="backend.tests.test_blog_api.TestRegression" name="test_products_count" time="0.054" /><testcase classname="backend.tests.test_blog_api.TestRegression" name="test_promos" time="0.055" /><testcase classname="backend.tests.test_blog_api.TestRegression" name="test_contact_inquiry_valid" time="0.055" /><testcase classname="backend.tests.test_blog_api.TestRegression" name="test_contact_inquiry_missing_email" time="0.049" /></testsuite></testsuites>