<?xml version="1.0" encoding="utf-8"?><testsuites name="pytest tests"><testsuite name="pytest" errors="0" failures="0" skipped="0" tests="6" time="0.746" timestamp="2026-06-10T12:45:14.107324+00:00" hostname="agent-env-09b289cd-d4ca-40ab-adab-02767b4eceb7"><testcase classname="backend.tests.test_contact_inquiries.TestContactInquiries" name="test_create_valid" time="0.285" /><testcase classname="backend.tests.test_contact_inquiries.TestContactInquiries" name="test_create_missing_email_returns_422" time="0.048" /><testcase classname="backend.tests.test_contact_inquiries.TestContactInquiries" name="test_create_invalid_email_returns_422" time="0.054" /><testcase classname="backend.tests.test_contact_inquiries.TestRegression" name="test_leads_post_and_get" time="0.103" /><testcase classname="backend.tests.test_contact_inquiries.TestRegression" name="test_products_list" time="0.049" /><testcase classname="backend.tests.test_contact_inquiries.TestRegression" name="test_promos_list" time="0.049" /></testsuite></testsuites>