<?xml version="1.0" encoding="utf-8"?><testsuites name="pytest tests"><testsuite name="pytest" errors="0" failures="0" skipped="0" tests="10" time="10.360" timestamp="2026-06-15T15:53:32.788000+00:00" hostname="agent-env-09b289cd-d4ca-40ab-adab-02767b4eceb7"><testcase classname="backend.tests.test_enrich_bulk_iter14.TestAuth" name="test_me" time="0.485" /><testcase classname="backend.tests.test_enrich_bulk_iter14.TestSummaryAndFilters" name="test_summary_shape" time="0.050" /><testcase classname="backend.tests.test_enrich_bulk_iter14.TestSummaryAndFilters" name="test_needs_enrichment_filter_matches_summary" time="0.082" /><testcase classname="backend.tests.test_enrich_bulk_iter14.TestSummaryAndFilters" name="test_status_draft_matches_summary" time="0.046" /><testcase classname="backend.tests.test_enrich_bulk_iter14.TestSummaryAndFilters" name="test_status_published_matches_summary" time="0.086" /><testcase classname="backend.tests.test_enrich_bulk_iter14.TestSummaryAndFilters" name="test_brand_filter" time="0.047" /><testcase classname="backend.tests.test_enrich_bulk_iter14.TestEnrichmentJob" name="test_enrich_two_drafts_end_to_end" time="4.428" /><testcase classname="backend.tests.test_enrich_bulk_iter14.TestEnrichmentJob" name="test_idempotency_overwrite_false" time="0.161" /><testcase classname="backend.tests.test_enrich_bulk_iter14.TestEnrichmentJob" name="test_overwrite_true_regenerates" time="4.329" /><testcase classname="backend.tests.test_enrich_bulk_iter14.TestBulkActions" name="test_bulk_publish_unpublish_delete" time="0.580" /></testsuite></testsuites>