<?xml version="1.0" encoding="utf-8"?><testsuites name="pytest tests"><testsuite name="pytest" errors="0" failures="1" skipped="0" tests="21" time="9.865" timestamp="2026-06-15T11:21:19.610754+00:00" hostname="agent-env-09b289cd-d4ca-40ab-adab-02767b4eceb7"><testcase classname="backend.tests.test_admin_regression_iter13.TestAuth" name="test_login_success" time="0.384" /><testcase classname="backend.tests.test_admin_regression_iter13.TestAuth" name="test_me_requires_auth" time="0.108" /><testcase classname="backend.tests.test_admin_regression_iter13.TestAuth" name="test_me_with_auth" time="0.431" /><testcase classname="backend.tests.test_admin_regression_iter13.TestProducts" name="test_list_products" time="0.188" /><testcase classname="backend.tests.test_admin_regression_iter13.TestProducts" name="test_bewital_drafts_present" time="0.142" /><testcase classname="backend.tests.test_admin_regression_iter13.TestProducts" name="test_product_detail_round_trip_update" time="0.310" /><testcase classname="backend.tests.test_admin_regression_iter13.TestProducts" name="test_create_and_delete_product" time="0.305" /><testcase classname="backend.tests.test_admin_regression_iter13.TestProducts" name="test_upload_image" time="0.092" /><testcase classname="backend.tests.test_admin_regression_iter13.TestSpecialOffers" name="test_full_crud" time="0.388" /><testcase classname="backend.tests.test_admin_regression_iter13.TestPlans" name="test_plans_list" time="0.109" /><testcase classname="backend.tests.test_admin_regression_iter13.TestPlans" name="test_plan_crud" time="0.199" /><testcase classname="backend.tests.test_admin_regression_iter13.TestBlog" name="test_blog_list" time="0.100" /><testcase classname="backend.tests.test_admin_regression_iter13.TestBlog" name="test_blog_crud" time="0.209" /><testcase classname="backend.tests.test_admin_regression_iter13.TestLeadsAndContacts" name="test_leads_list" time="0.095" /><testcase classname="backend.tests.test_admin_regression_iter13.TestLeadsAndContacts" name="test_contact_inquiries_list" time="0.098" /><testcase classname="backend.tests.test_admin_regression_iter13.TestBewitalImport" name="test_dry_run" time="4.109" /><testcase classname="backend.tests.test_admin_regression_iter13.TestPublic" name="test_public_products_excludes_drafts" time="0.145" /><testcase classname="backend.tests.test_admin_regression_iter13.TestPublic" name="test_public_special_offers" time="0.089" /><testcase classname="backend.tests.test_admin_regression_iter13.TestPublic" name="test_public_blog_posts" time="0.105" /><testcase classname="backend.tests.test_admin_regression_iter13.TestPublic" name="test_public_promos" time="0.104" /><testcase classname="backend.tests.test_admin_regression_iter13.TestBruteForce" name="test_lockout_after_5_fails" time="2.079"><failure message="AssertionError: Did not receive 429 after 7 failed attempts (last=401)&#10;assert False">E   AssertionError: Did not receive 429 after 7 failed attempts (last=401)
    assert False</failure></testcase></testsuite></testsuites>