<?xml version="1.0" encoding="utf-8"?><testsuites name="pytest tests"><testsuite name="pytest" errors="0" failures="0" skipped="0" tests="18" time="1.875" timestamp="2026-06-15T16:35:23.929833+00:00" hostname="agent-env-09b289cd-d4ca-40ab-adab-02767b4eceb7"><testcase classname="backend.tests.test_iter15_smoke.TestSEOAssets" name="test_robots_at_api" time="0.264" /><testcase classname="backend.tests.test_iter15_smoke.TestSEOAssets" name="test_robots_at_root" time="0.049" /><testcase classname="backend.tests.test_iter15_smoke.TestSEOAssets" name="test_sitemap_at_api" time="0.074" /><testcase classname="backend.tests.test_iter15_smoke.TestSEOAssets" name="test_sitemap_at_root" time="0.044" /><testcase classname="backend.tests.test_iter15_smoke.TestSEOAssets" name="test_favicon" time="0.048" /><testcase classname="backend.tests.test_iter15_smoke.TestPublicAPIs" name="test_root" time="0.040" /><testcase classname="backend.tests.test_iter15_smoke.TestPublicAPIs" name="test_products_list" time="0.092" /><testcase classname="backend.tests.test_iter15_smoke.TestPublicAPIs" name="test_products_filter_cat" time="0.076" /><testcase classname="backend.tests.test_iter15_smoke.TestPublicAPIs" name="test_products_filter_dog" time="0.079" /><testcase classname="backend.tests.test_iter15_smoke.TestPublicAPIs" name="test_plans" time="0.043" /><testcase classname="backend.tests.test_iter15_smoke.TestPublicAPIs" name="test_blog_posts_list_and_detail" time="0.087" /><testcase classname="backend.tests.test_iter15_smoke.TestPublicAPIs" name="test_leads_create" time="0.059" /><testcase classname="backend.tests.test_iter15_smoke.TestAdminAuth" name="test_login_success" time="0.284" /><testcase classname="backend.tests.test_iter15_smoke.TestAdminAuth" name="test_me_with_token" time="0.047" /><testcase classname="backend.tests.test_iter15_smoke.TestAdminAuth" name="test_login_wrong_password" time="0.265" /><testcase classname="backend.tests.test_iter15_smoke.TestAdminAuth" name="test_admin_products_requires_auth" time="0.046" /><testcase classname="backend.tests.test_iter15_smoke.TestAdminAuth" name="test_admin_products_list_and_save" time="0.138" /><testcase classname="backend.tests.test_iter15_smoke.TestAdminAuth" name="test_admin_products_filter_status" time="0.047" /></testsuite></testsuites>