<?xml version="1.0" encoding="utf-8"?><testsuites name="pytest tests"><testsuite name="pytest" errors="0" failures="0" skipped="0" tests="7" time="0.945" timestamp="2026-06-08T06:54:58.635698+00:00" hostname="agent-env-09b289cd-d4ca-40ab-adab-02767b4eceb7"><testcase classname="backend.tests.test_leads_api" name="test_root" time="0.251" /><testcase classname="backend.tests.test_leads_api.TestLeadsCRUD" name="test_create_lead_success" time="0.148" /><testcase classname="backend.tests.test_leads_api.TestLeadsCRUD" name="test_get_leads_sorted_desc" time="0.139" /><testcase classname="backend.tests.test_leads_api.TestLeadsCRUD" name="test_create_lead_invalid_email" time="0.071" /><testcase classname="backend.tests.test_leads_api.TestLeadsCRUD" name="test_create_lead_missing_required_fields" time="0.044" /><testcase classname="backend.tests.test_leads_api.TestLeadsCRUD" name="test_create_lead_empty_name" time="0.047" /><testcase classname="backend.tests.test_leads_api.TestLeadsCRUD" name="test_create_lead_minimal_required" time="0.046" /></testsuite></testsuites>