<?xml version="1.0" encoding="utf-8"?><testsuites name="pytest tests"><testsuite name="pytest" errors="0" failures="0" skipped="0" tests="16" time="2.524" timestamp="2026-06-10T12:17:42.454197+00:00" hostname="agent-env-09b289cd-d4ca-40ab-adab-02767b4eceb7"><testcase classname="backend.tests.test_phase3_specials.TestProductsTotals" name="test_all_products_total_36" time="0.250" /><testcase classname="backend.tests.test_phase3_specials.TestProductsTotals" name="test_six_per_sub_category" time="0.163" /><testcase classname="backend.tests.test_phase3_specials.TestProductsTotals" name="test_specials_total_18" time="0.108" /><testcase classname="backend.tests.test_phase3_specials.TestProductsTotals" name="test_specials_sub_category_each_6[toys-accessories]" time="0.141" /><testcase classname="backend.tests.test_phase3_specials.TestProductsTotals" name="test_specials_sub_category_each_6[innovation-tech]" time="0.155" /><testcase classname="backend.tests.test_phase3_specials.TestProductsTotals" name="test_specials_sub_category_each_6[services]" time="0.175" /><testcase classname="backend.tests.test_phase3_specials.TestProductDetail" name="test_get_special_product[smartpaw-smart-feeder-pro]" time="0.101" /><testcase classname="backend.tests.test_phase3_specials.TestProductDetail" name="test_get_special_product[kong-classic-rubber-toy]" time="0.168" /><testcase classname="backend.tests.test_phase3_specials.TestProductDetail" name="test_get_special_product[mobile-grooming-session]" time="0.100" /><testcase classname="backend.tests.test_phase3_specials.TestPromos" name="test_promos_returns_three_active" time="0.114" /><testcase classname="backend.tests.test_phase3_specials.TestPromos" name="test_promo_fields_complete" time="0.106" /><testcase classname="backend.tests.test_phase3_specials.TestPromos" name="test_promo_cta_routes" time="0.098" /><testcase classname="backend.tests.test_phase3_specials.TestPromos" name="test_promos_sorted_by_order" time="0.166" /><testcase classname="backend.tests.test_phase3_specials.TestRegression" name="test_catalogue_food_six" time="0.095" /><testcase classname="backend.tests.test_phase3_specials.TestRegression" name="test_pet_type_cat_filter" time="0.157" /><testcase classname="backend.tests.test_phase3_specials.TestRegression" name="test_leads_post_get" time="0.257" /></testsuite></testsuites>