<?xml version="1.0" encoding="utf-8"?><testsuites name="pytest tests"><testsuite name="pytest" errors="0" failures="0" skipped="0" tests="10" time="1.009" timestamp="2026-06-10T11:43:55.914872+00:00" hostname="agent-env-09b289cd-d4ca-40ab-adab-02767b4eceb7"><testcase classname="backend.tests.test_products_api.TestProductsList" name="test_list_all_products" time="0.234" /><testcase classname="backend.tests.test_products_api.TestProductsList" name="test_filter_food" time="0.051" /><testcase classname="backend.tests.test_products_api.TestProductsList" name="test_filter_hygiene" time="0.058" /><testcase classname="backend.tests.test_products_api.TestProductsList" name="test_filter_vitamins" time="0.050" /><testcase classname="backend.tests.test_products_api.TestProductsList" name="test_filter_pet_type_cat" time="0.048" /><testcase classname="backend.tests.test_products_api.TestProductsList" name="test_filter_featured" time="0.051" /><testcase classname="backend.tests.test_products_api.TestProductDetail" name="test_get_existing" time="0.048" /><testcase classname="backend.tests.test_products_api.TestProductDetail" name="test_get_other_slugs" time="0.147" /><testcase classname="backend.tests.test_products_api.TestProductDetail" name="test_get_not_found" time="0.047" /><testcase classname="backend.tests.test_products_api.TestLeadsRegression" name="test_create_and_list_lead" time="0.102" /></testsuite></testsuites>